<?xml version="1.0" encoding="UTF-8"?>
<!-- Generated by org.testng.reporters.JUnitReportReporter -->
<testsuite hostname="Abhinav-Agrawal.local" name="Basic.NewTest" tests="1" failures="0" timestamp="29 Aug 2016 12:06:18 GMT" time="7.553" errors="0">
  <testcase name="testEasy" time="7.553" classname="Basic.NewTest"/>
</testsuite> <!-- Basic.NewTest -->
